<?xml version="1.0" encoding="UTF-8"?>
<!-- Generated by org.testng.reporters.JUnitReportReporter -->
<testsuite hostname="Shriniwas_PC" failures="0" tests="3" name="testNG.InclusionOfMethod" time="0.013" errors="0" timestamp="2024-05-04T10:34:36 IST" skipped="0">
  <testcase classname="testNG.InclusionOfMethod" name="profile" time="0.001"/>
  <system-out>
    <![CDATA[profile test case]]>
  </system-out>
  <testcase classname="testNG.InclusionOfMethod" name="login" time="0.001"/>
  <system-out>
    <![CDATA[login test case]]>
  </system-out>
  <testcase classname="testNG.InclusionOfMethod" name="dashboard" time="0.011"/>
  <system-out>
    <![CDATA[dasboard test case]]>
  </system-out>
</testsuite> <!-- testNG.InclusionOfMethod -->
