<?xml version="1.0" encoding="UTF-8"?>
<!-- Generated by org.testng.reporters.JUnitReportReporter -->
<testsuite hostname="Shriniwas_PC" failures="0" tests="1" name="testNG.AllAnnotationsInTestNg" time="0.007" errors="0" timestamp="2024-05-01T08:05:36 IST" skipped="0">
  <testcase classname="testNG.AllAnnotationsInTestNg" name="testcase1" time="0.007"/>
  <system-out/>
</testsuite> <!-- testNG.AllAnnotationsInTestNg -->
