<?xml version="1.0" encoding="UTF-8"?>
<!-- Generated by org.testng.reporters.JUnitReportReporter -->
<testsuite hostname="Shriniwas_PC" failures="0" tests="1" name="testNG.AllAnnotationInTestNG" time="0.010" errors="0" timestamp="2024-05-04T10:40:45 IST" skipped="0">
  <testcase classname="testNG.AllAnnotationInTestNG" name="testcase1" time="0.010"/>
  <system-out/>
</testsuite> <!-- testNG.AllAnnotationInTestNG -->
