<?xml version="1.0" encoding="UTF-8"?>
<!-- Generated by org.testng.reporters.JUnitReportReporter -->
<testsuite hostname="Shriniwas_PC" failures="0" tests="3" name="testNG.IntroSession" time="0.014" errors="0" timestamp="2024-05-01T08:09:42 IST" skipped="0">
  <testcase classname="testNG.IntroSession" name="login" time="0.012"/>
  <system-out/>
  <testcase classname="testNG.IntroSession" name="dashboard" time="0.001"/>
  <system-out/>
  <testcase classname="testNG.IntroSession" name="profile" time="0.001"/>
  <system-out/>
</testsuite> <!-- testNG.IntroSession -->
