<?xml version="1.0" encoding="UTF-8"?>
<!-- Generated by org.testng.reporters.JUnitReportReporter -->
<testsuite hostname="Shriniwas_PC" failures="0" tests="9" name="testNG.KeywordsInTestNg" time="0.013" errors="0" timestamp="2024-05-01T08:10:34 IST" skipped="0">
  <testcase classname="testNG.KeywordsInTestNg" name="login" time="0.001"/>
  <system-out/>
  <testcase classname="testNG.KeywordsInTestNg" name="login" time="0.001"/>
  <system-out/>
  <testcase classname="testNG.KeywordsInTestNg" name="login" time="0.001"/>
  <system-out/>
  <testcase classname="testNG.KeywordsInTestNg" name="login" time="0.008"/>
  <system-out/>
  <testcase classname="testNG.KeywordsInTestNg" name="dashbaord" time="0.001"/>
  <system-out/>
  <testcase classname="testNG.KeywordsInTestNg" name="dashbaord" time="0.000"/>
  <system-out/>
  <testcase classname="testNG.KeywordsInTestNg" name="profile" time="0.001"/>
  <system-out/>
  <testcase classname="testNG.KeywordsInTestNg" name="profile" time="0.000"/>
  <system-out/>
  <testcase classname="testNG.KeywordsInTestNg" name="profile" time="0.000"/>
  <system-out/>
</testsuite> <!-- testNG.KeywordsInTestNg -->
