<?xml version="1.0" encoding="UTF-8"?>
<!-- Generated by org.testng.reporters.JUnitReportReporter -->
<testsuite hostname="Shriniwas_PC" failures="0" tests="3" name="testNG.EnabledKeyword" time="0.014" errors="0" timestamp="2024-05-01T08:07:43 IST" skipped="1">
  <testcase classname="testNG.EnabledKeyword" name="login" time="0.002"/>
  <system-out/>
  <testcase classname="testNG.EnabledKeyword" name="dashboard" time="0.012"/>
  <system-out/>
  <testcase classname="testNG.EnabledKeyword" name="profile">
    <skipped/>
  </testcase> <!-- profile -->
  <system-out/>
</testsuite> <!-- testNG.EnabledKeyword -->
