<?xml version="1.0" encoding="UTF-8"?>
<!-- Generated by org.testng.reporters.JUnitReportReporter -->
<testsuite hostname="Shriniwas_PC" failures="0" tests="3" name="testNG.EmailableReportGeneration" time="0.011" errors="0" timestamp="2024-05-01T08:08:49 IST" skipped="0">
  <testcase classname="testNG.EmailableReportGeneration" name="login" time="0.002"/>
  <system-out>
    <![CDATA[login test case]]>
  </system-out>
  <testcase classname="testNG.EmailableReportGeneration" name="dashboard" time="0.008"/>
  <system-out>
    <![CDATA[dashboard test case]]>
  </system-out>
  <testcase classname="testNG.EmailableReportGeneration" name="profile" time="0.001"/>
  <system-out>
    <![CDATA[profile test case]]>
  </system-out>
</testsuite> <!-- testNG.EmailableReportGeneration -->
