<?xml version="1.0" encoding="UTF-8"?>
<!-- Generated by org.testng.reporters.JUnitReportReporter -->
<testsuite hostname="Shriniwas_PC" failures="0" tests="1" name="testNG.ActualAnnotations" time="0.017" errors="0" timestamp="2024-05-04T10:36:44 IST" skipped="0">
  <testcase classname="testNG.ActualAnnotations" name="testCaseOne" time="0.017"/>
  <system-out/>
</testsuite> <!-- testNG.ActualAnnotations -->
